eagleEye/build/outputs/logs/manifest-merger-debug-report.txt
-- Merging decision tree log ---
manifest
ADDED from src\main\AndroidManifest.xml:2:1-89:12
INJECTED from src\main\AndroidManifest.xml:2:1-89:12
INJECTED from src\main\AndroidManifest.xml:2:1-89:12
INJECTED from src\main\AndroidManifest.xml:2:1-89:12
INJECTED from src\main\AndroidManifest.xml:2:1-89:12
INJECTED from src\main\AndroidManifest.xml:2:1-89:12
INJECTED from src\main\AndroidManifest.xml:2:1-89:12
	package
		ADDED from src\main\AndroidManifest.xml:3:5-34
		INJECTED from src\main\AndroidManifest.xml
		INJECTED from src\main\AndroidManifest.xml
	android:versionName
		ADDED from src\main\AndroidManifest.xml:5:5-30
		INJECTED from src\main\AndroidManifest.xml
		INJECTED from src\main\AndroidManifest.xml
	xmlns:android
		ADDED from src\main\AndroidManifest.xml:2:11-69
	android:versionCode
		ADDED from src\main\AndroidManifest.xml:4:5-29
		INJECTED from src\main\AndroidManifest.xml
		INJECTED from src\main\AndroidManifest.xml
uses-sdk
ADDED from src\main\AndroidManifest.xml:7:5-9:41
INJECTED from src\main\AndroidManifest.xml:7:5-9:41
INJECTED from src\main\AndroidManifest.xml:7:5-9:41
INJECTED from src\main\AndroidManifest.xml:7:5-9:41
INJECTED from src\main\AndroidManifest.xml:7:5-9:41
	android:targetSdkVersion
		ADDED from src\main\AndroidManifest.xml:9:9-38
		INJECTED from src\main\AndroidManifest.xml
		INJECTED from src\main\AndroidManifest.xml
	android:minSdkVersion
		ADDED from src\main\AndroidManifest.xml:8:9-35
		INJECTED from src\main\AndroidManifest.xml
		INJECTED from src\main\AndroidManifest.xml
application
ADDED from src\main\AndroidManifest.xml:11:5-51:19
	android:label
		ADDED from src\main\AndroidManifest.xml:14:9-41
	android:persistent
		ADDED from src\main\AndroidManifest.xml:15:9-34
	android:icon
		ADDED from src\main\AndroidManifest.xml:13:9-58
	android:allowBackup
		ADDED from src\main\AndroidManifest.xml:12:9-35
	android:theme
		ADDED from src\main\AndroidManifest.xml:16:9-40
meta-data#com.baidu.lbsapi.API_KEY
ADDED from src\main\AndroidManifest.xml:17:9-19:56
	android:value
		ADDED from src\main\AndroidManifest.xml:19:13-53
	android:name
		ADDED from src\main\AndroidManifest.xml:18:13-52
service#com.baidu.trace.LBSTraceService
ADDED from src\main\AndroidManifest.xml:21:9-25:19
	android:enabled
		ADDED from src\main\AndroidManifest.xml:23:13-35
	android:exported
		ADDED from src\main\AndroidManifest.xml:24:13-36
	android:name
		ADDED from src\main\AndroidManifest.xml:22:13-59
service#net.web135.eagleeye.EyeMain
ADDED from src\main\AndroidManifest.xml:26:9-44
	android:name
		ADDED from src\main\AndroidManifest.xml:26:18-41
service#net.web135.eagleeye.NumberService
ADDED from src\main\AndroidManifest.xml:27:9-50
	android:name
		ADDED from src\main\AndroidManifest.xml:27:18-47
service#net.web135.eagleeye.UpLoadService
ADDED from src\main\AndroidManifest.xml:28:9-50
	android:name
		ADDED from src\main\AndroidManifest.xml:28:18-47
receiver#net.web135.eagleeye.SosReceiver
ADDED from src\main\AndroidManifest.xml:30:9-34:20
	android:name
		ADDED from src\main\AndroidManifest.xml:30:19-46
intent-filter#android.provider.Telephony.SMS_RECEIVED
ADDED from src\main\AndroidManifest.xml:31:13-33:29
	android:priority
		ADDED from src\main\AndroidManifest.xml:31:28-50
action#android.provider.Telephony.SMS_RECEIVED
ADDED from src\main\AndroidManifest.xml:32:17-82
	android:name
		ADDED from src\main\AndroidManifest.xml:32:25-79
receiver#net.web135.eagleeye.SimpleReceiver
ADDED from src\main\AndroidManifest.xml:35:9-40:20
	android:name
		ADDED from src\main\AndroidManifest.xml:35:19-49
intent-filter#android.intent.action.BOOT_COMPLETED+android.intent.action.USER_PRESENT
ADDED from src\main\AndroidManifest.xml:36:13-39:29
	android:priority
		ADDED from src\main\AndroidManifest.xml:36:28-50
action#android.intent.action.BOOT_COMPLETED
ADDED from src\main\AndroidManifest.xml:37:17-79
	android:name
		ADDED from src\main\AndroidManifest.xml:37:25-76
action#android.intent.action.USER_PRESENT
ADDED from src\main\AndroidManifest.xml:38:17-77
	android:name
		ADDED from src\main\AndroidManifest.xml:38:25-74
activity#net.web135.eagleeye.MainActivity
ADDED from src\main\AndroidManifest.xml:42:9-50:20
	android:label
		ADDED from src\main\AndroidManifest.xml:44:13-56
	android:name
		ADDED from src\main\AndroidManifest.xml:43:13-41
intent-filter#android.intent.action.MAIN+android.intent.category.LAUNCHER
ADDED from src\main\AndroidManifest.xml:45:13-49:29
action#android.intent.action.MAIN
ADDED from src\main\AndroidManifest.xml:46:17-69
	android:name
		ADDED from src\main\AndroidManifest.xml:46:25-66
category#android.intent.category.LAUNCHER
ADDED from src\main\AndroidManifest.xml:48:17-77
	android:name
		ADDED from src\main\AndroidManifest.xml:48:27-74
uses-permission#android.permission.RECORD_AUDIO
ADDED from src\main\AndroidManifest.xml:53:5-71
	android:name
		ADDED from src\main\AndroidManifest.xml:53:22-68
uses-permission#android.permission.ACCESS_COARSE_LOCATION
ADDED from src\main\AndroidManifest.xml:55:5-81
	android:name
		ADDED from src\main\AndroidManifest.xml:55:22-78
uses-permission#android.permission.ACCESS_FINE_LOCATION
ADDED from src\main\AndroidManifest.xml:57:5-79
	android:name
		ADDED from src\main\AndroidManifest.xml:57:22-76
uses-permission#android.permission.ACCESS_WIFI_STATE
ADDED from src\main\AndroidManifest.xml:59:5-76
	android:name
		ADDED from src\main\AndroidManifest.xml:59:22-73
uses-permission#android.permission.ACCESS_NETWORK_STATE
ADDED from src\main\AndroidManifest.xml:61:5-79
	android:name
		ADDED from src\main\AndroidManifest.xml:61:22-76
uses-permission#android.permission.CHANGE_WIFI_STATE
ADDED from src\main\AndroidManifest.xml:63:5-76
	android:name
		ADDED from src\main\AndroidManifest.xml:63:22-73
uses-permission#android.permission.BLUETOOTH
ADDED from src\main\AndroidManifest.xml:65:5-68
	android:name
		ADDED from src\main\AndroidManifest.xml:65:22-65
uses-permission#android.permission.BLUETOOTH_ADMIN
ADDED from src\main\AndroidManifest.xml:67:5-74
	android:name
		ADDED from src\main\AndroidManifest.xml:67:22-71
uses-permission#android.permission.READ_PHONE_STATE
ADDED from src\main\AndroidManifest.xml:69:5-75
	android:name
		ADDED from src\main\AndroidManifest.xml:69:22-72
uses-permission#android.permission.WRITE_EXTERNAL_STORAGE
ADDED from src\main\AndroidManifest.xml:71:5-81
	android:name
		ADDED from src\main\AndroidManifest.xml:71:22-78
uses-permission#android.permission.INTERNET
ADDED from src\main\AndroidManifest.xml:73:5-67
	android:name
		ADDED from src\main\AndroidManifest.xml:73:22-64
uses-permission#android.permission.MOUNT_UNMOUNT_FILESYSTEMS
ADDED from src\main\AndroidManifest.xml:75:5-84
	android:name
		ADDED from src\main\AndroidManifest.xml:75:22-81
uses-permission#android.permission.READ_LOGS
ADDED from src\main\AndroidManifest.xml:77:5-68
	android:name
		ADDED from src\main\AndroidManifest.xml:77:22-65
uses-permission#android.permission.VIBRATE
ADDED from src\main\AndroidManifest.xml:79:5-66
	android:name
		ADDED from src\main\AndroidManifest.xml:79:22-63
uses-permission#android.permission.WAKE_LOCK
ADDED from src\main\AndroidManifest.xml:81:5-68
	android:name
		ADDED from src\main\AndroidManifest.xml:81:22-65
uses-permission#android.permission.WRITE_SETTINGS
ADDED from src\main\AndroidManifest.xml:83:5-73
	android:name
		ADDED from src\main\AndroidManifest.xml:83:22-70
uses-permission#android.permission.RECEIVE_BOOT_COMPLETED
ADDED from src\main\AndroidManifest.xml:84:5-81
	android:name
		ADDED from src\main\AndroidManifest.xml:84:22-78
uses-permission#android.permission.RECEIVE_SMS
ADDED from src\main\AndroidManifest.xml:85:5-70
	android:name
		ADDED from src\main\AndroidManifest.xml:85:22-67
uses-permission#android.permission.RECEIVE_USER_PRESENT
ADDED from src\main\AndroidManifest.xml:87:5-79
	android:name
		ADDED from src\main\AndroidManifest.xml:87:22-76